Determining if the pthread_create exist failed with the following output:
Change Dir: /home/yunle/temp/kitti2pcl/cmake-build-debug/CMakeFiles/CMakeTmp

Run Build Command:"/usr/bin/make" "cmTC_35664/fast"
/usr/bin/make -f CMakeFiles/cmTC_35664.dir/build.make CMakeFiles/cmTC_35664.dir/build
make[1]: Entering directory '/home/yunle/temp/kitti2pcl/cmake-build-debug/CMakeFiles/CMakeTmp'
Building C object CMakeFiles/cmTC_35664.dir/CheckSymbolExists.c.o
/usr/bin/cc    -o CMakeFiles/cmTC_35664.dir/CheckSymbolExists.c.o   -c /home/yunle/temp/kitti2pcl/cmake-build-debug/CMakeFiles/CMakeTmp/CheckSymbolExists.c
Linking C executable cmTC_35664
/home/yunle/Soft/clion-2018.2.5/bin/cmake/linux/bin/cmake -E cmake_link_script CMakeFiles/cmTC_35664.dir/link.txt --verbose=1
/usr/bin/cc      -rdynamic CMakeFiles/cmTC_35664.dir/CheckSymbolExists.c.o  -o cmTC_35664 
CMakeFiles/cmTC_35664.dir/CheckSymbolExists.c.o: In function `main':
CheckSymbolExists.c:(.text+0x16): undefined reference to `pthread_create'
collect2: error: ld returned 1 exit status
CMakeFiles/cmTC_35664.dir/build.make:86: recipe for target 'cmTC_35664' failed
make[1]: *** [cmTC_35664] Error 1
make[1]: Leaving directory '/home/yunle/temp/kitti2pcl/cmake-build-debug/CMakeFiles/CMakeTmp'
Makefile:121: recipe for target 'cmTC_35664/fast' failed
make: *** [cmTC_35664/fast] Error 2

File /home/yunle/temp/kitti2pcl/cmake-build-debug/CMakeFiles/CMakeTmp/CheckSymbolExists.c:
/* */
#include <pthread.h>

int main(int argc, char** argv)
{
  (void)argv;
#ifndef pthread_create
  return ((int*)(&pthread_create))[argc];
#else
  (void)argc;
  return 0;
#endif
}

Determining if the function pthread_create exists in the pthreads failed with the following output:
Change Dir: /home/yunle/temp/kitti2pcl/cmake-build-debug/CMakeFiles/CMakeTmp

Run Build Command:"/usr/bin/make" "cmTC_44471/fast"
/usr/bin/make -f CMakeFiles/cmTC_44471.dir/build.make CMakeFiles/cmTC_44471.dir/build
make[1]: Entering directory '/home/yunle/temp/kitti2pcl/cmake-build-debug/CMakeFiles/CMakeTmp'
Building C object CMakeFiles/cmTC_44471.dir/CheckFunctionExists.c.o
/usr/bin/cc   -DCHECK_FUNCTION_EXISTS=pthread_create   -o CMakeFiles/cmTC_44471.dir/CheckFunctionExists.c.o   -c /home/yunle/Soft/clion-2018.2.5/bin/cmake/linux/share/cmake-3.12/Modules/CheckFunctionExists.c
Linking C executable cmTC_44471
/home/yunle/Soft/clion-2018.2.5/bin/cmake/linux/bin/cmake -E cmake_link_script CMakeFiles/cmTC_44471.dir/link.txt --verbose=1
/usr/bin/cc  -DCHECK_FUNCTION_EXISTS=pthread_create    -rdynamic CMakeFiles/cmTC_44471.dir/CheckFunctionExists.c.o  -o cmTC_44471 -lpthreads 
/usr/bin/ld: cannot find -lpthreads
collect2: error: ld returned 1 exit status
CMakeFiles/cmTC_44471.dir/build.make:86: recipe for target 'cmTC_44471' failed
make[1]: *** [cmTC_44471] Error 1
make[1]: Leaving directory '/home/yunle/temp/kitti2pcl/cmake-build-debug/CMakeFiles/CMakeTmp'
Makefile:121: recipe for target 'cmTC_44471/fast' failed
make: *** [cmTC_44471/fast] Error 2


